<?xml version="1.0" encoding="UTF-8"?>
<!-- Generated by org.testng.reporters.JUnitXMLReporter -->
<testsuite hostname="UDAYANAND" ignored="0" name="Test Maven Testing" tests="3" failures="0" timestamp="30 Sep 2018 16:39:59 GMT" time="77.508" errors="0">
  <testcase name="loginPageTitleTest" time="0.044" classname="com.freecrm.qa.testcases.LoginPageTest"/>
  <testcase name="loginTest" time="17.068" classname="com.freecrm.qa.testcases.LoginPageTest"/>
  <testcase name="logoImageTest" time="0.144" classname="com.freecrm.qa.testcases.LoginPageTest"/>
</testsuite> <!-- Test Maven Testing -->
