<?xml version="1.0" encoding="UTF-8"?>
<!-- Generated by org.testng.reporters.JUnitXMLReporter -->
<testsuite hostname="UDAYANAND" ignored="0" name="Surefire test" tests="3" failures="0" timestamp="30 Sep 2018 16:10:06 GMT" time="91.705" errors="0">
  <testcase name="loginPageTitleTest" time="0.042" classname="com.freecrm.qa.testcases.LoginPageTest"/>
  <testcase name="loginTest" time="19.768" classname="com.freecrm.qa.testcases.LoginPageTest"/>
  <testcase name="logoImageTest" time="0.457" classname="com.freecrm.qa.testcases.LoginPageTest"/>
</testsuite> <!-- Surefire test -->
