<?xml version="1.0" encoding="UTF-8"?>
<!-- Generated by org.testng.reporters.JUnitXMLReporter -->
<testsuite hostname="UDAYANAND" ignored="0" name="Default test" tests="3" failures="0" timestamp="30 Sep 2018 08:05:14 GMT" time="100.536" errors="0">
  <testcase name="validateHomePageTitle_test" time="0.03" classname="com.freecrm.qa.testcases.HomePageTest"/>
  <testcase name="verifyUserNameLabel" time="0.596" classname="com.freecrm.qa.testcases.HomePageTest"/>
  <testcase name="viewContacts_test" time="2.137" classname="com.freecrm.qa.testcases.HomePageTest"/>
</testsuite> <!-- Default test -->
