<?xml version="1.0" encoding="UTF-8"?>
<!-- Generated by org.testng.reporters.JUnitXMLReporter -->
<testsuite hostname="UDAYANAND" ignored="0" name="FreeCrmBasics" tests="6" failures="0" timestamp="01 Oct 2018 14:55:25 GMT" time="162.165" errors="0">
  <testcase name="loginPageTitleTest" time="0.06" classname="com.freecrm.qa.testcases.LoginPageTest"/>
  <testcase name="loginTest" time="16.187" classname="com.freecrm.qa.testcases.LoginPageTest"/>
  <testcase name="logoImageTest" time="0.124" classname="com.freecrm.qa.testcases.LoginPageTest"/>
  <testcase name="validateHomePageTitle_test" time="0.017" classname="com.freecrm.qa.testcases.HomePageTest"/>
  <testcase name="verifyUserNameLabel" time="0.979" classname="com.freecrm.qa.testcases.HomePageTest"/>
  <testcase name="viewContacts_test" time="2.329" classname="com.freecrm.qa.testcases.HomePageTest"/>
</testsuite> <!-- FreeCrmBasics -->
