<?xml version="1.0" encoding="UTF-8"?>
<!-- Generated by org.testng.reporters.JUnitXMLReporter -->
<testsuite hostname="UDAYANAND" ignored="0" name="FreeCRM LogintoHome Basic Test" tests="6" failures="0" timestamp="30 Sep 2018 09:00:56 GMT" time="155.121" errors="0">
  <testcase name="loginPageTitleTest" time="0.183" classname="com.freecrm.qa.testcases.LoginPageTest"/>
  <testcase name="loginTest" time="18.316" classname="com.freecrm.qa.testcases.LoginPageTest"/>
  <testcase name="logoImageTest" time="0.215" classname="com.freecrm.qa.testcases.LoginPageTest"/>
  <testcase name="validateHomePageTitle_test" time="0.017" classname="com.freecrm.qa.testcases.HomePageTest"/>
  <testcase name="verifyUserNameLabel" time="0.239" classname="com.freecrm.qa.testcases.HomePageTest"/>
  <testcase name="viewContacts_test" time="2.415" classname="com.freecrm.qa.testcases.HomePageTest"/>
</testsuite> <!-- FreeCRM LogintoHome Basic Test -->
