<?xml version="1.0" encoding="UTF-8"?>
<testng-results skipped="0" failed="0" ignored="0" total="3" passed="3">
  <reporter-output>
  </reporter-output>
  <suite name="Test Maven Suite" duration-ms="77508" started-at="2018-09-30T16:38:41Z" finished-at="2018-09-30T16:39:59Z">
    <groups>
    </groups>
    <test name="Test Maven Testing" duration-ms="77508" started-at="2018-09-30T16:38:41Z" finished-at="2018-09-30T16:39:59Z">
      <class name="com.freecrm.qa.testcases.LoginPageTest">
        <test-method status="PASS" signature="setUp()[pri:0, instance:com.freecrm.qa.testcases.LoginPageTest@15975490]" name="setUp" is-config="true" duration-ms="18388" started-at="2018-09-30T16:38:41Z" finished-at="2018-09-30T16:39:00Z">
          <reporter-output>
          </reporter-output>
        </test-method> <!-- setUp -->
        <test-method status="PASS" signature="loginPageTitleTest()[pri:0, instance:com.freecrm.qa.testcases.LoginPageTest@15975490]" name="loginPageTitleTest" duration-ms="44" started-at="2018-09-30T16:39:00Z" finished-at="2018-09-30T16:39:00Z">
          <reporter-output>
          </reporter-output>
        </test-method> <!-- loginPageTitleTest -->
        <test-method status="PASS" signature="tearDown()[pri:0, instance:com.freecrm.qa.testcases.LoginPageTest@15975490]" name="tearDown" is-config="true" duration-ms="765" started-at="2018-09-30T16:39:00Z" finished-at="2018-09-30T16:39:00Z">
          <reporter-output>
          </reporter-output>
        </test-method> <!-- tearDown -->
        <test-method status="PASS" signature="setUp()[pri:0, instance:com.freecrm.qa.testcases.LoginPageTest@15975490]" name="setUp" is-config="true" duration-ms="19798" started-at="2018-09-30T16:39:00Z" finished-at="2018-09-30T16:39:20Z">
          <reporter-output>
          </reporter-output>
        </test-method> <!-- setUp -->
        <test-method status="PASS" signature="loginTest()[pri:0, instance:com.freecrm.qa.testcases.LoginPageTest@15975490]" name="loginTest" duration-ms="17068" started-at="2018-09-30T16:39:20Z" finished-at="2018-09-30T16:39:37Z">
          <reporter-output>
          </reporter-output>
        </test-method> <!-- loginTest -->
        <test-method status="PASS" signature="tearDown()[pri:0, instance:com.freecrm.qa.testcases.LoginPageTest@15975490]" name="tearDown" is-config="true" duration-ms="827" started-at="2018-09-30T16:39:37Z" finished-at="2018-09-30T16:39:38Z">
          <reporter-output>
          </reporter-output>
        </test-method> <!-- tearDown -->
        <test-method status="PASS" signature="setUp()[pri:0, instance:com.freecrm.qa.testcases.LoginPageTest@15975490]" name="setUp" is-config="true" duration-ms="19601" started-at="2018-09-30T16:39:38Z" finished-at="2018-09-30T16:39:58Z">
          <reporter-output>
          </reporter-output>
        </test-method> <!-- setUp -->
        <test-method status="PASS" signature="logoImageTest()[pri:0, instance:com.freecrm.qa.testcases.LoginPageTest@15975490]" name="logoImageTest" duration-ms="144" started-at="2018-09-30T16:39:58Z" finished-at="2018-09-30T16:39:58Z">
          <reporter-output>
          </reporter-output>
        </test-method> <!-- logoImageTest -->
        <test-method status="PASS" signature="tearDown()[pri:0, instance:com.freecrm.qa.testcases.LoginPageTest@15975490]" name="tearDown" is-config="true" duration-ms="815" started-at="2018-09-30T16:39:58Z" finished-at="2018-09-30T16:39:59Z">
          <reporter-output>
          </reporter-output>
        </test-method> <!-- tearDown -->
      </class> <!-- com.freecrm.qa.testcases.LoginPageTest -->
    </test> <!-- Test Maven Testing -->
  </suite> <!-- Test Maven Suite -->
</testng-results>
