<?xml version="1.0" encoding="UTF-8"?>
<testng-results skipped="0" failed="0" ignored="0" total="6" passed="6">
  <reporter-output>
  </reporter-output>
  <suite name="Automation FrameWork SetUp Test Suite" duration-ms="155121" started-at="2018-09-30T08:58:21Z" finished-at="2018-09-30T09:00:56Z">
    <groups>
    </groups>
    <test name="FreeCRM LogintoHome Basic Test" duration-ms="155121" started-at="2018-09-30T08:58:21Z" finished-at="2018-09-30T09:00:56Z">
      <class name="com.freecrm.qa.testcases.HomePageTest">
        <test-method status="PASS" signature="setUp()[pri:0, instance:com.freecrm.qa.testcases.HomePageTest@3bfdc050]" name="setUp" is-config="true" duration-ms="33521" started-at="2018-09-30T08:59:28Z" finished-at="2018-09-30T09:00:02Z">
          <reporter-output>
          </reporter-output>
        </test-method> <!-- setUp -->
        <test-method status="PASS" signature="validateHomePageTitle_test()[pri:1, instance:com.freecrm.qa.testcases.HomePageTest@3bfdc050]" name="validateHomePageTitle_test" duration-ms="17" started-at="2018-09-30T09:00:02Z" finished-at="2018-09-30T09:00:02Z">
          <reporter-output>
          </reporter-output>
        </test-method> <!-- validateHomePageTitle_test -->
        <test-method status="PASS" signature="tearDown()[pri:0, instance:com.freecrm.qa.testcases.HomePageTest@3bfdc050]" name="tearDown" is-config="true" duration-ms="803" started-at="2018-09-30T09:00:02Z" finished-at="2018-09-30T09:00:02Z">
          <reporter-output>
          </reporter-output>
        </test-method> <!-- tearDown -->
        <test-method status="PASS" signature="setUp()[pri:0, instance:com.freecrm.qa.testcases.HomePageTest@3bfdc050]" name="setUp" is-config="true" duration-ms="24589" started-at="2018-09-30T09:00:02Z" finished-at="2018-09-30T09:00:27Z">
          <reporter-output>
          </reporter-output>
        </test-method> <!-- setUp -->
        <test-method status="PASS" signature="verifyUserNameLabel()[pri:2, instance:com.freecrm.qa.testcases.HomePageTest@3bfdc050]" name="verifyUserNameLabel" duration-ms="239" started-at="2018-09-30T09:00:27Z" finished-at="2018-09-30T09:00:27Z">
          <reporter-output>
          </reporter-output>
        </test-method> <!-- verifyUserNameLabel -->
        <test-method status="PASS" signature="tearDown()[pri:0, instance:com.freecrm.qa.testcases.HomePageTest@3bfdc050]" name="tearDown" is-config="true" duration-ms="828" started-at="2018-09-30T09:00:27Z" finished-at="2018-09-30T09:00:28Z">
          <reporter-output>
          </reporter-output>
        </test-method> <!-- tearDown -->
        <test-method status="PASS" signature="setUp()[pri:0, instance:com.freecrm.qa.testcases.HomePageTest@3bfdc050]" name="setUp" is-config="true" duration-ms="24373" started-at="2018-09-30T09:00:28Z" finished-at="2018-09-30T09:00:52Z">
          <reporter-output>
          </reporter-output>
        </test-method> <!-- setUp -->
        <test-method status="PASS" signature="viewContacts_test()[pri:3, instance:com.freecrm.qa.testcases.HomePageTest@3bfdc050]" name="viewContacts_test" duration-ms="2415" started-at="2018-09-30T09:00:52Z" finished-at="2018-09-30T09:00:55Z">
          <reporter-output>
          </reporter-output>
        </test-method> <!-- viewContacts_test -->
        <test-method status="PASS" signature="tearDown()[pri:0, instance:com.freecrm.qa.testcases.HomePageTest@3bfdc050]" name="tearDown" is-config="true" duration-ms="830" started-at="2018-09-30T09:00:55Z" finished-at="2018-09-30T09:00:56Z">
          <reporter-output>
          </reporter-output>
        </test-method> <!-- tearDown -->
      </class> <!-- com.freecrm.qa.testcases.HomePageTest -->
      <class name="com.freecrm.qa.testcases.LoginPageTest">
        <test-method status="PASS" signature="setUp()[pri:0, instance:com.freecrm.qa.testcases.LoginPageTest@42d80b78]" name="setUp" is-config="true" duration-ms="18281" started-at="2018-09-30T08:58:21Z" finished-at="2018-09-30T08:58:39Z">
          <reporter-output>
          </reporter-output>
        </test-method> <!-- setUp -->
        <test-method status="PASS" signature="loginPageTitleTest()[pri:0, instance:com.freecrm.qa.testcases.LoginPageTest@42d80b78]" name="loginPageTitleTest" duration-ms="183" started-at="2018-09-30T08:58:39Z" finished-at="2018-09-30T08:58:39Z">
          <reporter-output>
          </reporter-output>
        </test-method> <!-- loginPageTitleTest -->
        <test-method status="PASS" signature="tearDown()[pri:0, instance:com.freecrm.qa.testcases.LoginPageTest@42d80b78]" name="tearDown" is-config="true" duration-ms="1259" started-at="2018-09-30T08:58:39Z" finished-at="2018-09-30T08:58:40Z">
          <reporter-output>
          </reporter-output>
        </test-method> <!-- tearDown -->
        <test-method status="PASS" signature="setUp()[pri:0, instance:com.freecrm.qa.testcases.LoginPageTest@42d80b78]" name="setUp" is-config="true" duration-ms="12927" started-at="2018-09-30T08:58:40Z" finished-at="2018-09-30T08:58:53Z">
          <reporter-output>
          </reporter-output>
        </test-method> <!-- setUp -->
        <test-method status="PASS" signature="loginTest()[pri:0, instance:com.freecrm.qa.testcases.LoginPageTest@42d80b78]" name="loginTest" duration-ms="18316" started-at="2018-09-30T08:58:53Z" finished-at="2018-09-30T08:59:12Z">
          <reporter-output>
          </reporter-output>
        </test-method> <!-- loginTest -->
        <test-method status="PASS" signature="tearDown()[pri:0, instance:com.freecrm.qa.testcases.LoginPageTest@42d80b78]" name="tearDown" is-config="true" duration-ms="972" started-at="2018-09-30T08:59:12Z" finished-at="2018-09-30T08:59:13Z">
          <reporter-output>
          </reporter-output>
        </test-method> <!-- tearDown -->
        <test-method status="PASS" signature="setUp()[pri:0, instance:com.freecrm.qa.testcases.LoginPageTest@42d80b78]" name="setUp" is-config="true" duration-ms="14389" started-at="2018-09-30T08:59:13Z" finished-at="2018-09-30T08:59:27Z">
          <reporter-output>
          </reporter-output>
        </test-method> <!-- setUp -->
        <test-method status="PASS" signature="logoImageTest()[pri:0, instance:com.freecrm.qa.testcases.LoginPageTest@42d80b78]" name="logoImageTest" duration-ms="215" started-at="2018-09-30T08:59:27Z" finished-at="2018-09-30T08:59:27Z">
          <reporter-output>
          </reporter-output>
        </test-method> <!-- logoImageTest -->
        <test-method status="PASS" signature="tearDown()[pri:0, instance:com.freecrm.qa.testcases.LoginPageTest@42d80b78]" name="tearDown" is-config="true" duration-ms="807" started-at="2018-09-30T08:59:27Z" finished-at="2018-09-30T08:59:28Z">
          <reporter-output>
          </reporter-output>
        </test-method> <!-- tearDown -->
      </class> <!-- com.freecrm.qa.testcases.LoginPageTest -->
    </test> <!-- FreeCRM LogintoHome Basic Test -->
  </suite> <!-- Automation FrameWork SetUp Test Suite -->
</testng-results>
