<?xml version="1.0" encoding="UTF-8"?>
<!-- Generated by org.testng.reporters.JUnitXMLReporter -->
<testsuite hostname="UDAYANAND" ignored="0" name="Test Maven Testing" tests="3" failures="0" timestamp="01 Oct 2018 14:44:26 GMT" time="64.809" errors="0">
  <testcase name="loginPageTitleTest" time="0.059" classname="com.freecrm.qa.testcases.LoginPageTest"/>
  <testcase name="loginTest" time="14.132" classname="com.freecrm.qa.testcases.LoginPageTest"/>
  <testcase name="logoImageTest" time="0.112" classname="com.freecrm.qa.testcases.LoginPageTest"/>
</testsuite> <!-- Test Maven Testing -->
